TN:
SF:/home/jnmorse/code/freecodecamp/cash-register/index.js
FN:1,(anonymous_0)
FN:3,round
FN:20,checkCashRegister
FN:36,(anonymous_3)
FNF:4
FNH:4
FNDA:64,(anonymous_0)
FNDA:10,round
FNDA:6,checkCashRegister
FNDA:36,(anonymous_3)
DA:1,64
DA:4,10
DA:7,1
DA:21,6
DA:22,6
DA:24,6
DA:25,1
DA:29,5
DA:30,1
DA:36,4
DA:37,36
DA:38,7
DA:41,29
DA:42,19
DA:45,10
DA:47,10
DA:49,10
DA:50,3
DA:51,3
DA:54,7
DA:56,7
DA:60,4
DA:62,4
DA:63,1
DA:69,3
DA:76,1
LF:26
LH:26
BRDA:24,0,0,1
BRDA:24,0,1,5
BRDA:29,1,0,1
BRDA:29,1,1,4
BRDA:37,2,0,7
BRDA:37,2,1,29
BRDA:41,3,0,19
BRDA:41,3,1,10
BRDA:49,4,0,3
BRDA:49,4,1,7
BRDA:62,5,0,1
BRDA:62,5,1,3
BRF:12
BRH:12
end_of_record
