TN:
SF:/home/jnmorse/code/freecodecamp/cash-register/index.js
FN:1,totalInDrawer
FN:5,round
FN:21,checkCashRegister
FN:38,(anonymous_3)
FNF:4
FNH:4
FNDA:66,totalInDrawer
FNDA:6,round
FNDA:6,checkCashRegister
FNDA:36,(anonymous_3)
DA:2,66
DA:6,6
DA:9,1
DA:22,6
DA:23,6
DA:25,6
DA:26,6
DA:27,1
DA:31,5
DA:32,1
DA:38,4
DA:39,36
DA:40,36
DA:42,36
DA:43,12
DA:44,5
DA:45,5
DA:48,7
DA:49,7
DA:52,24
DA:55,4
DA:56,1
DA:62,3
DA:68,1
LF:24
LH:24
BRDA:26,0,0,1
BRDA:26,0,1,5
BRDA:31,1,0,1
BRDA:31,1,1,4
BRDA:42,2,0,12
BRDA:42,2,1,24
BRDA:43,3,0,5
BRDA:43,3,1,7
BRDA:55,4,0,1
BRDA:55,4,1,3
BRF:10
BRH:10
end_of_record
